  2023-01-27 13:53:33 App\Mail\SendActiveCode ........................ RUNNING
  2023-01-27 13:53:36 App\Mail\SendActiveCode ................ 2,990.18ms FAIL
  2023-01-27 13:53:36 App\Mail\SendActiveCode ........................ RUNNING
  2023-01-27 13:53:37 App\Mail\SendActiveCode .................. 805.34ms FAIL
  2023-01-27 13:53:37 App\Mail\SendActiveCode ........................ RUNNING
  2023-01-27 13:53:38 App\Mail\SendActiveCode .................. 919.25ms FAIL
  2023-01-27 13:53:38 App\Mail\SendActiveCode ........................ RUNNING
  2023-01-27 13:53:39 App\Mail\SendActiveCode .................. 831.74ms FAIL
  2023-01-27 14:13:51 App\Mail\SendActiveCode ........................ RUNNING
  2023-01-27 14:18:22 App\Mail\SendActiveCode ........................ RUNNING
  2023-01-27 14:18:29 App\Mail\SendActiveCode ................ 6,803.15ms FAIL
  2023-01-27 14:18:35 App\Mail\SendActiveCode ........................ RUNNING
  2023-01-27 14:18:39 App\Mail\SendActiveCode ................ 4,556.54ms DONE
  2023-01-27 14:19:27 App\Mail\SendActiveCode ........................ RUNNING
  2023-01-27 14:19:29 App\Mail\SendActiveCode ................ 1,103.08ms DONE
  2023-01-27 14:41:41 App\Mail\SendActiveCode ........................ RUNNING
  2023-01-27 14:41:41 App\Mail\SendActiveCode ................... 22.16ms FAIL
  2023-01-27 14:41:41 App\Mail\SendActiveCode ........................ RUNNING
  2023-01-27 14:41:41 App\Mail\SendActiveCode ................... 14.31ms FAIL
  2023-01-27 14:41:41 App\Mail\SendActiveCode ........................ RUNNING
  2023-01-27 14:41:41 App\Mail\SendActiveCode ................... 13.14ms FAIL
  2023-01-27 14:41:41 App\Mail\SendActiveCode ........................ RUNNING
  2023-01-27 14:41:41 App\Mail\SendActiveCode ................... 13.48ms FAIL
  2023-01-27 14:41:41 App\Mail\SendActiveCode ........................ RUNNING
  2023-01-27 14:41:41 App\Mail\SendActiveCode ................... 10.72ms FAIL
  2023-01-27 14:46:24 App\Mail\SendActiveCode ........................ RUNNING
  2023-01-27 14:46:24 App\Mail\SendActiveCode ................... 33.69ms FAIL
  2023-01-27 14:46:24 App\Mail\SendActiveCode ........................ RUNNING
  2023-01-27 14:46:28 App\Mail\SendActiveCode ................ 3,688.15ms FAIL
  2023-01-27 14:46:28 App\Mail\SendActiveCode ........................ RUNNING
  2023-01-27 14:46:29 App\Mail\SendActiveCode .................. 675.61ms FAIL
  2023-01-27 14:46:29 App\Mail\SendActiveCode ........................ RUNNING
  2023-01-27 14:46:29 App\Mail\SendActiveCode .................. 647.56ms FAIL
  2023-01-27 14:46:29 App\Mail\SendActiveCode ........................ RUNNING
  2023-01-27 14:46:30 App\Mail\SendActiveCode .................. 648.64ms FAIL
  2023-01-27 15:00:39 App\Mail\SendActiveCode ........................ RUNNING
  2023-01-27 15:00:39 App\Mail\SendActiveCode ................... 36.28ms FAIL
  2023-01-27 15:00:39 App\Mail\SendActiveCode ........................ RUNNING
  2023-01-27 15:00:39 App\Mail\SendActiveCode ................... 22.65ms FAIL
  2023-01-27 15:00:39 App\Mail\SendActiveCode ........................ RUNNING
  2023-01-27 15:00:39 App\Mail\SendActiveCode ................... 19.51ms FAIL
  2023-01-27 15:00:39 App\Mail\SendActiveCode ........................ RUNNING
  2023-01-27 15:00:39 App\Mail\SendActiveCode ................... 19.80ms FAIL
  2023-01-27 15:00:39 App\Mail\SendActiveCode ........................ RUNNING
  2023-01-27 15:00:39 App\Mail\SendActiveCode ................... 12.59ms FAIL
  2023-01-27 15:01:17 App\Mail\SendActiveCode ........................ RUNNING
  2023-01-27 15:01:21 App\Mail\SendActiveCode ................ 3,692.51ms DONE
